Determining if the pthread_create exist failed with the following output:
Change Dir: /media/cvrr/161d15ca-26dc-4d36-b085-945b15ce24b8/sandbox/3D_Bounding_Box_Annotation_Tool_3D_BAT/scripts/CMakeFiles/CMakeTmp

Run Build Command:"/usr/bin/make" "cmTC_ad52c/fast"
/usr/bin/make -f CMakeFiles/cmTC_ad52c.dir/build.make CMakeFiles/cmTC_ad52c.dir/build
make[1]: Entering directory '/media/cvrr/161d15ca-26dc-4d36-b085-945b15ce24b8/sandbox/3D_Bounding_Box_Annotation_Tool_3D_BAT/scripts/CMakeFiles/CMakeTmp'
Building C object CMakeFiles/cmTC_ad52c.dir/CheckSymbolExists.c.o
/usr/bin/cc    -o CMakeFiles/cmTC_ad52c.dir/CheckSymbolExists.c.o   -c /media/cvrr/161d15ca-26dc-4d36-b085-945b15ce24b8/sandbox/3D_Bounding_Box_Annotation_Tool_3D_BAT/scripts/CMakeFiles/CMakeTmp/CheckSymbolExists.c
Linking C executable cmTC_ad52c
/usr/bin/cmake -E cmake_link_script CMakeFiles/cmTC_ad52c.dir/link.txt --verbose=1
/usr/bin/cc      -rdynamic CMakeFiles/cmTC_ad52c.dir/CheckSymbolExists.c.o  -o cmTC_ad52c 
CMakeFiles/cmTC_ad52c.dir/CheckSymbolExists.c.o: In function `main':
CheckSymbolExists.c:(.text+0x1b): undefined reference to `pthread_create'
collect2: error: ld returned 1 exit status
CMakeFiles/cmTC_ad52c.dir/build.make:97: recipe for target 'cmTC_ad52c' failed
make[1]: *** [cmTC_ad52c] Error 1
make[1]: Leaving directory '/media/cvrr/161d15ca-26dc-4d36-b085-945b15ce24b8/sandbox/3D_Bounding_Box_Annotation_Tool_3D_BAT/scripts/CMakeFiles/CMakeTmp'
Makefile:126: recipe for target 'cmTC_ad52c/fast' failed
make: *** [cmTC_ad52c/fast] Error 2

File /media/cvrr/161d15ca-26dc-4d36-b085-945b15ce24b8/sandbox/3D_Bounding_Box_Annotation_Tool_3D_BAT/scripts/CMakeFiles/CMakeTmp/CheckSymbolExists.c:
/* */
#include <pthread.h>

int main(int argc, char** argv)
{
  (void)argv;
#ifndef pthread_create
  return ((int*)(&pthread_create))[argc];
#else
  (void)argc;
  return 0;
#endif
}

Determining if the function pthread_create exists in the pthreads failed with the following output:
Change Dir: /media/cvrr/161d15ca-26dc-4d36-b085-945b15ce24b8/sandbox/3D_Bounding_Box_Annotation_Tool_3D_BAT/scripts/CMakeFiles/CMakeTmp

Run Build Command:"/usr/bin/make" "cmTC_ba875/fast"
/usr/bin/make -f CMakeFiles/cmTC_ba875.dir/build.make CMakeFiles/cmTC_ba875.dir/build
make[1]: Entering directory '/media/cvrr/161d15ca-26dc-4d36-b085-945b15ce24b8/sandbox/3D_Bounding_Box_Annotation_Tool_3D_BAT/scripts/CMakeFiles/CMakeTmp'
Building C object CMakeFiles/cmTC_ba875.dir/CheckFunctionExists.c.o
/usr/bin/cc   -DCHECK_FUNCTION_EXISTS=pthread_create   -o CMakeFiles/cmTC_ba875.dir/CheckFunctionExists.c.o   -c /usr/share/cmake-3.10/Modules/CheckFunctionExists.c
Linking C executable cmTC_ba875
/usr/bin/cmake -E cmake_link_script CMakeFiles/cmTC_ba875.dir/link.txt --verbose=1
/usr/bin/cc  -DCHECK_FUNCTION_EXISTS=pthread_create    -rdynamic CMakeFiles/cmTC_ba875.dir/CheckFunctionExists.c.o  -o cmTC_ba875 -lpthreads 
/usr/bin/ld: cannot find -lpthreads
collect2: error: ld returned 1 exit status
CMakeFiles/cmTC_ba875.dir/build.make:97: recipe for target 'cmTC_ba875' failed
make[1]: *** [cmTC_ba875] Error 1
make[1]: Leaving directory '/media/cvrr/161d15ca-26dc-4d36-b085-945b15ce24b8/sandbox/3D_Bounding_Box_Annotation_Tool_3D_BAT/scripts/CMakeFiles/CMakeTmp'
Makefile:126: recipe for target 'cmTC_ba875/fast' failed
make: *** [cmTC_ba875/fast] Error 2


